<?xml version="1.0" encoding="UTF-8"?>
<coverage generated="1625474386553" clover="3.2.0">
  <project timestamp="1625474386553" name="All files">
    <metrics statements="6" coveredstatements="5" conditionals="0" coveredconditionals="0" methods="1" coveredmethods="1" elements="7" coveredelements="6" complexity="0" loc="6" ncloc="6" packages="2" files="2" classes="2"/>
    <package name="models">
      <metrics statements="3" coveredstatements="3" conditionals="0" coveredconditionals="0" methods="0" coveredmethods="0"/>
      <file name="records.js" path="C:\Users\Emumba\Desktop\getir-challenge\models\records.js">
        <metrics statements="3" coveredstatements="3" conditionals="0" coveredconditionals="0" methods="0" coveredmethods="0"/>
        <line num="3" count="1" type="stmt"/>
        <line num="5" count="1" type="stmt"/>
        <line num="17" count="1" type="stmt"/>
      </file>
    </package>
    <package name="services">
      <metrics statements="3" coveredstatements="2" conditionals="0" coveredconditionals="0" methods="1" coveredmethods="1"/>
      <file name="record.service.js" path="C:\Users\Emumba\Desktop\getir-challenge\services\record.service.js">
        <metrics statements="3" coveredstatements="2" conditionals="0" coveredconditionals="0" methods="1" coveredmethods="1"/>
        <line num="5" count="1" type="stmt"/>
        <line num="6" count="1" type="stmt"/>
        <line num="23" count="0" type="stmt"/>
      </file>
    </package>
  </project>
</coverage>
