{"C:\\Users\\Emumba\\Desktop\\getir-challenge\\models\\records.js": {"path":"C:\\Users\\Emumba\\Desktop\\getir-challenge\\models\\records.js","statementMap":{"0":{"start":{"line":3,"column":19},"end":{"line":3,"column":27}},"1":{"start":{"line":5,"column":22},"end":{"line":15,"column":1}},"2":{"start":{"line":17,"column":20},"end":{"line":17,"column":60}}},"fnMap":{},"branchMap":{},"s":{"0":1,"1":1,"2":1},"f":{},"b":{},"_coverageSchema":"1a1c01bbd47fc00a2c39e90264f33305004495a9","hash":"d7bcfd3a9bcfa9e0ac4a5461d4b029623cc0a6be"}
,"C:\\Users\\Emumba\\Desktop\\getir-challenge\\services\\record.service.js": {"path":"C:\\Users\\Emumba\\Desktop\\getir-challenge\\services\\record.service.js","statementMap":{"0":{"start":{"line":5,"column":4},"end":{"line":24,"column":5}},"1":{"start":{"line":6,"column":6},"end":{"line":21,"column":9}},"2":{"start":{"line":23,"column":6},"end":{"line":23,"column":23}}},"fnMap":{"0":{"name":"(anonymous_0)","decl":{"start":{"line":4,"column":2},"end":{"line":4,"column":3}},"loc":{"start":{"line":4,"column":61},"end":{"line":25,"column":3}},"line":4}},"branchMap":{},"s":{"0":1,"1":1,"2":0},"f":{"0":1},"b":{},"_coverageSchema":"1a1c01bbd47fc00a2c39e90264f33305004495a9","hash":"94c65e111bfed10f421f6ab5529997bf8dfc3313"}
}
